This is pdfeTeX, Version 3.141592-1.11b-2.1 (MiKTeX 2.4) (preloaded format=latex 2000.11.28)  13 SEP 2004 17:01
entering extended mode
**PSRC_data_dictionary_main.tex
(PSRC_data_dictionary_main.tex{pdftex.cfg}
LaTeX2e <2001/06/01>
Babel <v3.7m> and hyphenation patterns for english, french, german, ngerman, du
mylang, nohyphenation, loaded.
(C:\texmf\tex\latex\base\report.cls
Document Class: report 2001/04/21 v1.4e Standard LaTeX document class
(C:\texmf\tex\latex\base\fleqn.clo
File: fleqn.clo 1998/08/17 v1.1c Standard LaTeX option (flush left equations)
\mathindent=\dimen102
) (C:\texmf\tex\latex\base\size10.clo
File: size10.clo 2001/04/21 v1.4e Standard LaTeX file (size option)
)
\c@part=\count79
\c@chapter=\count80
\c@section=\count81
\c@subsection=\count82
\c@subsubsection=\count83
\c@paragraph=\count84
\c@subparagraph=\count85
\c@figure=\count86
\c@table=\count87
\abovecaptionskip=\skip41
\belowcaptionskip=\skip42
\bibindent=\dimen103
)
(C:\texmf\tex\latex\graphics\graphicx.sty
Package: graphicx 1999/02/16 v1.0f Enhanced LaTeX Graphics (DPC,SPQR)

(C:\texmf\tex\latex\graphics\keyval.sty
Package: keyval 1999/03/16 v1.13 key=value parser (DPC)
\KV@toks@=\toks14
)
(C:\texmf\tex\latex\graphics\graphics.sty
Package: graphics 2001/07/07 v1.0n Standard LaTeX Graphics (DPC,SPQR)
 (C:\texmf\tex\latex\graphics\trig.sty
Package: trig 1999/03/16 v1.09 sin cos tan (DPC)
) (C:\texmf\tex\latex\00miktex\graphics.cfg
File: graphics.cfg 2003/03/12 v1.1 MiKTeX 'graphics' configuration
)
Package graphics Info: Driver file: pdftex.def on input line 80.

(C:\texmf\tex\latex\graphics\pdftex.def
File: pdftex.def 2002/06/19 v0.03k graphics/color for pdftex
\Gread@gobject=\count88
))
\Gin@req@height=\dimen104
\Gin@req@width=\dimen105
)
(C:\texmf\tex\latex\amsmath\amsmath.sty
Package: amsmath 2000/07/18 v2.13 AMS math features
\@mathmargin=\skip43

For additional information on amsmath, use the `?' option.
(C:\texmf\tex\latex\amsmath\amstext.sty
Package: amstext 2000/06/29 v2.01
 (C:\texmf\tex\latex\amsmath\amsgen.sty
File: amsgen.sty 1999/11/30 v2.0
\@emptytoks=\toks15
\ex@=\dimen106
)) (C:\texmf\tex\latex\amsmath\amsbsy.sty
Package: amsbsy 1999/11/29 v1.2d
\pmbraise@=\dimen107
)
(C:\texmf\tex\latex\amsmath\amsopn.sty
Package: amsopn 1999/12/14 v2.01 operator names
)
\inf@bad=\count89
LaTeX Info: Redefining \frac on input line 211.
\uproot@=\count90
\leftroot@=\count91
LaTeX Info: Redefining \overline on input line 307.
\classnum@=\count92
\DOTSCASE@=\count93
LaTeX Info: Redefining \ldots on input line 379.
LaTeX Info: Redefining \dots on input line 382.
LaTeX Info: Redefining \cdots on input line 467.
\Mathstrutbox@=\box26
\strutbox@=\box27
\big@size=\dimen108
LaTeX Font Info:    Redeclaring font encoding OML on input line 567.
LaTeX Font Info:    Redeclaring font encoding OMS on input line 568.
\macc@depth=\count94
\c@MaxMatrixCols=\count95
\dotsspace@=\muskip10
\c@parentequation=\count96
\dspbrk@lvl=\count97
\tag@help=\toks16
\row@=\count98
\column@=\count99
\maxfields@=\count100
\andhelp@=\toks17
\eqnshift@=\dimen109
\alignsep@=\dimen110
\tagshift@=\dimen111
\tagwidth@=\dimen112
\totwidth@=\dimen113
\lineht@=\dimen114
\@envbody=\toks18
\multlinegap=\skip44
\multlinetaggap=\skip45
\mathdisplay@stack=\toks19
LaTeX Info: Redefining \[ on input line 2666.
LaTeX Info: Redefining \] on input line 2667.
)
(C:\texmf\tex\latex\rotating\rotating.sty
Package: rotating 1997/09/26 v2.13 Rotation package
 (C:\texmf\tex\latex\base\ifthen.sty
Package: ifthen 2001/05/26 v1.1c Standard LaTeX ifthen package (DPC)
)
\c@r@tfl@t=\count101
\rot@float@box=\box28
) (C:\texmf\tex\latex\fancyhdr\fancyhdr.sty
\headwidth=\dimen115
)
(C:\texmf\tex\latex\tools\longtable.sty
Package: longtable 2000/10/22 v4.10 Multi-page Table package (DPC)
\LTleft=\skip46
\LTright=\skip47
\LTpre=\skip48
\LTpost=\skip49
\LTchunksize=\count102
\LTcapwidth=\dimen116
\LT@head=\box29
\LT@firsthead=\box30
\LT@foot=\box31
\LT@lastfoot=\box32
\LT@cols=\count103
\LT@rows=\count104
\c@LT@tables=\count105
\c@LT@chunks=\count106
\LT@p@ftn=\toks20
)
(C:\texmf\tex\latex\graphics\epsfig.sty
Package: epsfig 1999/02/16 v1.7a (e)psfig emulation (SPQR)
\epsfxsize=\dimen117
\epsfysize=\dimen118
)
(C:\texmf\tex\latex\graphics\lscape.sty
Package: lscape 2000/10/22 v3.01 Landscape Pages (DPC)
) (C:\texmf\tex\latex\ltxmisc\boxit.sty)

Package Fancyhdr Warning: fancyhdr's E option without twoside option is useless
 on input line 21.


Package Fancyhdr Warning: fancyhdr's E option without twoside option is useless
 on input line 22.

(PSRC_data_dictionary_main.aux (title.aux))
LaTeX Font Info:    Checking defaults for OML/cmm/m/it on input line 34.
LaTeX Font Info:    ... okay on input line 34.
LaTeX Font Info:    Checking defaults for T1/cmr/m/n on input line 34.
LaTeX Font Info:    ... okay on input line 34.
LaTeX Font Info:    Checking defaults for OT1/cmr/m/n on input line 34.
LaTeX Font Info:    ... okay on input line 34.
LaTeX Font Info:    Checking defaults for OMS/cmsy/m/n on input line 34.
LaTeX Font Info:    ... okay on input line 34.
LaTeX Font Info:    Checking defaults for OMX/cmex/m/n on input line 34.
LaTeX Font Info:    ... okay on input line 34.
LaTeX Font Info:    Checking defaults for U/cmr/m/n on input line 34.
LaTeX Font Info:    ... okay on input line 34.

(C:\texmf\tex\context\base\supp-pdf.tex (C:\texmf\tex\context\base\supp-mis.tex
loading : Context Support Macros / Missing
\protectiondepth=\count107
\scratchcounter=\count108
\scratchtoks=\toks21
\scratchdimen=\dimen119
\scratchskip=\skip50
\scratchmuskip=\muskip11
\scratchbox=\box33
\scratchread=\read1
\scratchwrite=\write3
\zeropoint=\dimen120
\minusone=\count109
\thousandpoint=\dimen121
\emptytoks=\toks22
\nextbox=\box34
\nextdepth=\dimen122
\everyline=\toks23
\!!counta=\count110
\!!countb=\count111
\recursecounter=\count112
)
loading : Context Support Macros / PDF
\nofMPsegments=\count113
\nofMParguments=\count114
\everyMPtoPDFconversion=\toks24
) (title.tex [1


{psfonts.map}]) (acknowledgements.tex) [1

] (overview.tex
Underfull \hbox (badness 10000) in paragraph at lines 5--13

 []

)
Underfull \hbox (badness 10000) in paragraph at lines 20--40

 []

[2] (PSRC_data_dictionary_main.toc
Overfull \hbox (0.61113pt too wide) detected at line 9
 /cmr10/xvii
 []


Overfull \hbox (0.61113pt too wide) detected at line 10
 /cmr10/xvii
 []


Overfull \hbox (3.38892pt too wide) detected at line 13
 /cmr10/xxiii
 []


Overfull \hbox (5.88893pt too wide) detected at line 15
 /cmr10/xxvii
 []


Overfull \hbox (3.11115pt too wide) detected at line 16
 /cmr10/xxix
 []


Overfull \hbox (3.11115pt too wide) detected at line 17
 /cmr10/xxxi
 []


Overfull \hbox (8.66672pt too wide) detected at line 18
 /cmr10/xxxiii
 []


Overfull \hbox (5.61116pt too wide) detected at line 19
 /cmr10/xxxv
 []


Overfull \hbox (11.16673pt too wide) detected at line 20
 /cmr10/xxxvii
 []


Overfull \hbox (8.38895pt too wide) detected at line 22
 /cmr10/xxxix
 []


Overfull \hbox (8.38895pt too wide) detected at line 23
 /cmr10/xxxix
 []

[3

])
\tf@toc=\write4


LaTeX Font Warning: Font shape `T1/cmr/n/up' undefined
(Font)              using `T1/cmr/m/n' instead on input line 45.

(census_data.tex
LaTeX Font Info:    Try loading font information for OT1+phv on input line 2.
 (C:\texmf\tex\latex\psnfss\ot1phv.fd
File: ot1phv.fd 2001/06/04 scalable font definitions for OT1/phv.
) [4]
Chapter 1.
[5

] [6] (tables/regional_cbg90.tex)
Overfull \hbox (354.94249pt too wide) in alignment at lines 68--70
 [] [] [] [] [] [] [] [] 
 []

[7

] [8

] (tables/regional_census_tract90.tex)
Overfull \hbox (336.64333pt too wide) in alignment at lines 103--105
 [] [] [] [] [] [] [] [] 
 []

[9

] [10

] (tables/regional_cb00.tex)
Overfull \hbox (391.67345pt too wide) in alignment at lines 141--143
 [] [] [] [] [] [] [] [] 
 []

[11

] [12

] (tables/regional_cbg00.tex)
Overfull \hbox (375.42316pt too wide) in alignment at lines 209--211
 [] [] [] [] [] [] [] [] 
 []

[13

] [14

] (tables/regional_cbfzgrp00.tex
Overfull \hbox (414.24467pt too wide) in alignment at lines 248--23
 [] [] [] [] [] [] [] [] 
 []

)
Overfull \hbox (414.24467pt too wide) in alignment at lines 23--250
 [] [] [] [] [] [] [] [] 
 []

[15

] [16] [17

] (tables/king_census_block00.tex
Overfull \hbox (372.0163pt too wide) in alignment at lines 287--23
 [] [] [] [] [] [] [] [] 
 []

)
Overfull \hbox (372.0163pt too wide) in alignment at lines 23--289
 [] [] [] [] [] [] [] [] 
 []

[18

] [19

] (tables/king_census_block_group00.tex)
Overfull \hbox (218.47787pt too wide) in alignment at lines 368--370
 [] [] [] [] [] [] [] [] 
 []

[20

] [21

] (tables/kitsap_census_block00.tex)
Overfull \hbox (73.90321pt too wide) in alignment at lines 405--407
 [] [] [] [] [] [] [] [] 
 []

[22

] [23

] (tables/kitsap_cb00_conf.tex)
Overfull \hbox (231.85461pt too wide) in alignment at lines 443--445
 [] [] [] [] [] [] [] [] 
 []

[24

] [25

] (tables/kitsap_census_block_group00.tex)
Overfull \hbox (218.17862pt too wide) in alignment at lines 509--511
 [] [] [] [] [] [] [] [] 
 []

[26

] [27

] (tables/pierce_census_block00.tex)
Overfull \hbox (73.90321pt too wide) in alignment at lines 546--548
 [] [] [] [] [] [] [] [] 
 []

[28

] [29

] (tables/pierce_census_block00.tex)
Overfull \hbox (73.90321pt too wide) in alignment at lines 582--584
 [] [] [] [] [] [] [] [] 
 []

[30

] [31

] (tables/pierce_census_block_group00.tex)
Overfull \hbox (216.66748pt too wide) in alignment at lines 648--650
 [] [] [] [] [] [] [] [] 
 []

[32

] [33

] (tables/snoh_census_block00.tex)
Overfull \hbox (73.90321pt too wide) in alignment at lines 685--687
 [] [] [] [] [] [] [] [] 
 []

[34

] [35

] (tables/snoh_cb00_conf.tex)
Overfull \hbox (397.56541pt too wide) in alignment at lines 723--725
 [] [] [] [] [] [] [] [] 
 []

[36

] [37

] (tables/snoh_census_block_group00.tex)
Overfull \hbox (220.59944pt too wide) in alignment at lines 789--791
 [] [] [] [] [] [] [] [] 
 []

[38

]) (employment_data.tex
Chapter 2.
[39


] (tables/emp_95.tex
Overfull \hbox (412.89458pt too wide) in alignment at lines 32--23
 [] [] [] [] [] [] [] [] 
 []

)
Overfull \hbox (412.89458pt too wide) in alignment at lines 23--34
 [] [] [] [] [] [] [] [] 
 []

[40

]) [41

] (PSRC_data_dictionary_main.aux (title.aux))

LaTeX Font Warning: Some font shapes were not available, defaults substituted.

 ) 
Here is how much of TeX's memory you used:
 2164 strings out of 95518
 24264 string characters out of 1189726
 84126 words of memory out of 1078973
 5016 multiletter control sequences out of 35000
 13857 words of font info for 44 fonts, out of 500000 for 1000
 14 hyphenation exceptions out of 607
 28i,10n,43p,242b,369s stack positions out of 1500i,500n,5000p,200000b,32768s
 151 PDF objects out of 65536
 0 named destinations out of 20000
 1 words of extra memory for PDF output out of 65536
 <C:\localtexmf\fonts\pk\ljfour\jknappen\ec\dpi600\ecrm1095.pk>{8r.enc}<cmbx1
0.pfb><cmr10.pfb><cmbx12.pfb><cmr12.pfb><cmss17.pfb>
Output written on PSRC_data_dictionary_main.pdf (42 pages, 143224 bytes).
